<?xml version="1.0" encoding="UTF-8"?>
<coverage generated="1548151423021" clover="3.2.0">
  <project timestamp="1548151423021" name="All files">
    <metrics statements="82" coveredstatements="82" conditionals="44" coveredconditionals="43" methods="14" coveredmethods="14" elements="140" coveredelements="139" complexity="0" loc="82" ncloc="82" packages="2" files="7" classes="7">
      <package name="src">
        <metrics statements="26" coveredstatements="26" conditionals="12" coveredconditionals="11" methods="5" coveredmethods="5"/>
        <file name="index.js" path="/home/kennydharmawan/playground/babel-plugin-proxy-import/src/index.js">
          <metrics statements="26" coveredstatements="26" conditionals="12" coveredconditionals="11" methods="5" coveredmethods="5"/>
          <line num="1" count="1" type="stmt"/>
          <line num="2" count="1" type="stmt"/>
          <line num="3" count="1" type="stmt"/>
          <line num="4" count="1" type="stmt"/>
          <line num="5" count="1" type="stmt"/>
          <line num="20" count="1" type="stmt"/>
          <line num="21" count="1" type="stmt"/>
          <line num="23" count="1" type="stmt"/>
          <line num="27" count="50" type="stmt"/>
          <line num="28" count="50" type="stmt"/>
          <line num="29" count="50" type="stmt"/>
          <line num="31" count="50" type="cond" truecount="1" falsecount="1"/>
          <line num="32" count="43" type="stmt"/>
          <line num="34" count="43" type="cond" truecount="2" falsecount="0"/>
          <line num="35" count="42" type="stmt"/>
          <line num="37" count="55" type="stmt"/>
          <line num="39" count="55" type="stmt"/>
          <line num="41" count="42" type="cond" truecount="2" falsecount="0"/>
          <line num="42" count="32" type="cond" truecount="2" falsecount="0"/>
          <line num="43" count="1" type="stmt"/>
          <line num="46" count="31" type="cond" truecount="2" falsecount="0"/>
          <line num="47" count="3" type="stmt"/>
          <line num="51" count="41" type="stmt"/>
          <line num="52" count="23" type="stmt"/>
          <line num="58" count="41" type="cond" truecount="2" falsecount="0"/>
          <line num="59" count="13" type="stmt"/>
        </file>
      </package>
      <package name="src.lib">
        <metrics statements="56" coveredstatements="56" conditionals="32" coveredconditionals="32" methods="9" coveredmethods="9"/>
        <file name="findOptionForSourceModule.js" path="/home/kennydharmawan/playground/babel-plugin-proxy-import/src/lib/findOptionForSourceModule.js">
          <metrics statements="4" coveredstatements="4" conditionals="2" coveredconditionals="2" methods="2" coveredmethods="2"/>
          <line num="5" count="1" type="stmt"/>
          <line num="6" count="43" type="stmt"/>
          <line num="7" count="43" type="stmt"/>
          <line num="10" count="43" type="cond" truecount="2" falsecount="0"/>
        </file>
        <file name="resolveBaseTargetModule.js" path="/home/kennydharmawan/playground/babel-plugin-proxy-import/src/lib/resolveBaseTargetModule.js">
          <metrics statements="6" coveredstatements="6" conditionals="2" coveredconditionals="2" methods="1" coveredmethods="1"/>
          <line num="1" count="1" type="stmt"/>
          <line num="2" count="26" type="cond" truecount="2" falsecount="0"/>
          <line num="3" count="3" type="stmt"/>
          <line num="7" count="3" type="stmt"/>
          <line num="13" count="23" type="stmt"/>
          <line num="15" count="23" type="stmt"/>
        </file>
        <file name="resolveTargetCase.js" path="/home/kennydharmawan/playground/babel-plugin-proxy-import/src/lib/resolveTargetCase.js">
          <metrics statements="16" coveredstatements="16" conditionals="4" coveredconditionals="4" methods="2" coveredmethods="2"/>
          <line num="1" count="1" type="stmt"/>
          <line num="2" count="1" type="stmt"/>
          <line num="3" count="1" type="stmt"/>
          <line num="5" count="1" type="stmt"/>
          <line num="6" count="23" type="stmt"/>
          <line num="7" count="67" type="stmt"/>
          <line num="9" count="67" type="cond" truecount="4" falsecount="0"/>
          <line num="11" count="6" type="stmt"/>
          <line num="12" count="6" type="stmt"/>
          <line num="14" count="6" type="stmt"/>
          <line num="15" count="6" type="stmt"/>
          <line num="17" count="6" type="stmt"/>
          <line num="18" count="6" type="stmt"/>
          <line num="20" count="49" type="stmt"/>
          <line num="21" count="49" type="stmt"/>
          <line num="24" count="67" type="stmt"/>
        </file>
        <file name="throwError.js" path="/home/kennydharmawan/playground/babel-plugin-proxy-import/src/lib/throwError.js">
          <metrics statements="2" coveredstatements="2" conditionals="0" coveredconditionals="0" methods="1" coveredmethods="1"/>
          <line num="1" count="1" type="stmt"/>
          <line num="2" count="8" type="stmt"/>
        </file>
        <file name="transformMemberImportTarget.js" path="/home/kennydharmawan/playground/babel-plugin-proxy-import/src/lib/transformMemberImportTarget.js">
          <metrics statements="13" coveredstatements="13" conditionals="4" coveredconditionals="4" methods="1" coveredmethods="1"/>
          <line num="1" count="1" type="stmt"/>
          <line num="2" count="1" type="stmt"/>
          <line num="4" count="1" type="stmt"/>
          <line num="5" count="23" type="stmt"/>
          <line num="6" count="23" type="stmt"/>
          <line num="9" count="23" type="cond" truecount="2" falsecount="0"/>
          <line num="10" count="1" type="stmt"/>
          <line num="11" count="1" type="stmt"/>
          <line num="12" count="1" type="stmt"/>
          <line num="13" count="1" type="stmt"/>
          <line num="14" count="22" type="cond" truecount="2" falsecount="0"/>
          <line num="15" count="21" type="stmt"/>
          <line num="18" count="23" type="stmt"/>
        </file>
        <file name="validate.js" path="/home/kennydharmawan/playground/babel-plugin-proxy-import/src/lib/validate.js">
          <metrics statements="15" coveredstatements="15" conditionals="20" coveredconditionals="20" methods="2" coveredmethods="2"/>
          <line num="1" count="1" type="stmt"/>
          <line num="2" count="1" type="stmt"/>
          <line num="4" count="1" type="stmt"/>
          <line num="5" count="50" type="cond" truecount="2" falsecount="0"/>
          <line num="6" count="1" type="stmt"/>
          <line num="9" count="49" type="cond" truecount="2" falsecount="0"/>
          <line num="10" count="1" type="stmt"/>
          <line num="14" count="48" type="stmt"/>
          <line num="15" count="48" type="cond" truecount="2" falsecount="0"/>
          <line num="16" count="2" type="stmt"/>
          <line num="19" count="46" type="cond" truecount="2" falsecount="0"/>
          <line num="27" count="2" type="stmt"/>
          <line num="30" count="44" type="cond" truecount="2" falsecount="0"/>
          <line num="38" count="1" type="stmt"/>
          <line num="42" count="43" type="stmt"/>
        </file>
      </package>
    </metrics>
  </project>
</coverage>
