{"/home/kennydharmawan/playground/babel-plugin-proxy-import/src/index.js": {"path":"/home/kennydharmawan/playground/babel-plugin-proxy-import/src/index.js","statementMap":{"0":{"start":{"line":1,"column":10},"end":{"line":1,"column":40}},"1":{"start":{"line":2,"column":15},"end":{"line":2,"column":43}},"2":{"start":{"line":3,"column":32},"end":{"line":3,"column":77}},"3":{"start":{"line":4,"column":30},"end":{"line":4,"column":73}},"4":{"start":{"line":5,"column":34},"end":{"line":5,"column":81}},"5":{"start":{"line":20,"column":0},"end":{"line":66,"column":2}},"6":{"start":{"line":21,"column":10},"end":{"line":21,"column":21}},"7":{"start":{"line":23,"column":2},"end":{"line":65,"column":4}},"8":{"start":{"line":27,"column":27},"end":{"line":27,"column":49}},"9":{"start":{"line":28,"column":22},"end":{"line":28,"column":32}},"10":{"start":{"line":29,"column":23},"end":{"line":29,"column":47}},"11":{"start":{"line":31,"column":8},"end":{"line":62,"column":9}},"12":{"start":{"line":32,"column":23},"end":{"line":32,"column":81}},"13":{"start":{"line":34,"column":10},"end":{"line":61,"column":11}},"14":{"start":{"line":35,"column":27},"end":{"line":35,"column":29}},"15":{"start":{"line":37,"column":41},"end":{"line":37,"column":136}},"16":{"start":{"line":37,"column":91},"end":{"line":37,"column":134}},"17":{"start":{"line":39,"column":43},"end":{"line":39,"column":138}},"18":{"start":{"line":39,"column":93},"end":{"line":39,"column":136}},"19":{"start":{"line":41,"column":12},"end":{"line":49,"column":13}},"20":{"start":{"line":42,"column":14},"end":{"line":44,"column":15}},"21":{"start":{"line":43,"column":16},"end":{"line":43,"column":132}},"22":{"start":{"line":46,"column":14},"end":{"line":48,"column":15}},"23":{"start":{"line":47,"column":16},"end":{"line":47,"column":142}},"24":{"start":{"line":51,"column":12},"end":{"line":56,"column":15}},"25":{"start":{"line":52,"column":14},"end":{"line":55,"column":16}},"26":{"start":{"line":58,"column":12},"end":{"line":60,"column":13}},"27":{"start":{"line":59,"column":14},"end":{"line":59,"column":49}}},"fnMap":{"0":{"name":"(anonymous_0)","decl":{"start":{"line":20,"column":17},"end":{"line":20,"column":18}},"loc":{"start":{"line":20,"column":33},"end":{"line":66,"column":1}},"line":20},"1":{"name":"(anonymous_1)","decl":{"start":{"line":26,"column":25},"end":{"line":26,"column":26}},"loc":{"start":{"line":26,"column":47},"end":{"line":63,"column":7}},"line":26},"2":{"name":"(anonymous_2)","decl":{"start":{"line":37,"column":69},"end":{"line":37,"column":70}},"loc":{"start":{"line":37,"column":89},"end":{"line":37,"column":135}},"line":37},"3":{"name":"(anonymous_3)","decl":{"start":{"line":39,"column":71},"end":{"line":39,"column":72}},"loc":{"start":{"line":39,"column":91},"end":{"line":39,"column":137}},"line":39},"4":{"name":"(anonymous_4)","decl":{"start":{"line":51,"column":45},"end":{"line":51,"column":46}},"loc":{"start":{"line":51,"column":79},"end":{"line":56,"column":13}},"line":51}},"branchMap":{"0":{"loc":{"start":{"line":31,"column":8},"end":{"line":62,"column":9}},"type":"if","locations":[{"start":{"line":31,"column":8},"end":{"line":62,"column":9}},{"start":{"line":31,"column":8},"end":{"line":62,"column":9}}],"line":31},"1":{"loc":{"start":{"line":34,"column":10},"end":{"line":61,"column":11}},"type":"if","locations":[{"start":{"line":34,"column":10},"end":{"line":61,"column":11}},{"start":{"line":34,"column":10},"end":{"line":61,"column":11}}],"line":34},"2":{"loc":{"start":{"line":41,"column":12},"end":{"line":49,"column":13}},"type":"if","locations":[{"start":{"line":41,"column":12},"end":{"line":49,"column":13}},{"start":{"line":41,"column":12},"end":{"line":49,"column":13}}],"line":41},"3":{"loc":{"start":{"line":42,"column":14},"end":{"line":44,"column":15}},"type":"if","locations":[{"start":{"line":42,"column":14},"end":{"line":44,"column":15}},{"start":{"line":42,"column":14},"end":{"line":44,"column":15}}],"line":42},"4":{"loc":{"start":{"line":46,"column":14},"end":{"line":48,"column":15}},"type":"if","locations":[{"start":{"line":46,"column":14},"end":{"line":48,"column":15}},{"start":{"line":46,"column":14},"end":{"line":48,"column":15}}],"line":46},"5":{"loc":{"start":{"line":58,"column":12},"end":{"line":60,"column":13}},"type":"if","locations":[{"start":{"line":58,"column":12},"end":{"line":60,"column":13}},{"start":{"line":58,"column":12},"end":{"line":60,"column":13}}],"line":58}},"s":{"0":1,"1":1,"2":1,"3":1,"4":1,"5":1,"6":1,"7":1,"8":50,"9":50,"10":50,"11":50,"12":43,"13":43,"14":42,"15":42,"16":55,"17":42,"18":55,"19":42,"20":32,"21":1,"22":31,"23":3,"24":41,"25":23,"26":41,"27":13},"f":{"0":1,"1":50,"2":55,"3":55,"4":23},"b":{"0":[43,0],"1":[42,1],"2":[32,10],"3":[1,31],"4":[3,28],"5":[13,28]},"_coverageSchema":"332fd63041d2c1bcb487cc26dd0d5f7d97098a6c","hash":"0c1375ccc68b68e7f8d1f25a3c041cc417833570"}
,"/home/kennydharmawan/playground/babel-plugin-proxy-import/src/lib/findOptionForSourceModule.js": {"path":"/home/kennydharmawan/playground/babel-plugin-proxy-import/src/lib/findOptionForSourceModule.js","statementMap":{"0":{"start":{"line":5,"column":0},"end":{"line":11,"column":2}},"1":{"start":{"line":6,"column":15},"end":{"line":8,"column":4}},"2":{"start":{"line":7,"column":4},"end":{"line":7,"column":47}},"3":{"start":{"line":10,"column":2},"end":{"line":10,"column":46}}},"fnMap":{"0":{"name":"(anonymous_0)","decl":{"start":{"line":5,"column":17},"end":{"line":5,"column":18}},"loc":{"start":{"line":5,"column":59},"end":{"line":11,"column":1}},"line":5},"1":{"name":"(anonymous_1)","decl":{"start":{"line":6,"column":28},"end":{"line":6,"column":29}},"loc":{"start":{"line":6,"column":43},"end":{"line":8,"column":3}},"line":6}},"branchMap":{"0":{"loc":{"start":{"line":10,"column":9},"end":{"line":10,"column":45}},"type":"cond-expr","locations":[{"start":{"line":10,"column":32},"end":{"line":10,"column":38}},{"start":{"line":10,"column":41},"end":{"line":10,"column":45}}],"line":10}},"s":{"0":1,"1":43,"2":43,"3":43},"f":{"0":43,"1":43},"b":{"0":[42,1]},"_coverageSchema":"332fd63041d2c1bcb487cc26dd0d5f7d97098a6c","hash":"3bb7c40e87db02166aa0510286d43bbf46d152c7"}
,"/home/kennydharmawan/playground/babel-plugin-proxy-import/src/lib/resolveBaseTargetModule.js": {"path":"/home/kennydharmawan/playground/babel-plugin-proxy-import/src/lib/resolveBaseTargetModule.js","statementMap":{"0":{"start":{"line":1,"column":0},"end":{"line":16,"column":2}},"1":{"start":{"line":2,"column":2},"end":{"line":11,"column":3}},"2":{"start":{"line":3,"column":4},"end":{"line":6,"column":7}},"3":{"start":{"line":7,"column":4},"end":{"line":10,"column":6}},"4":{"start":{"line":13,"column":2},"end":{"line":13,"column":37}},"5":{"start":{"line":15,"column":2},"end":{"line":15,"column":31}}},"fnMap":{"0":{"name":"(anonymous_0)","decl":{"start":{"line":1,"column":17},"end":{"line":1,"column":18}},"loc":{"start":{"line":1,"column":56},"end":{"line":16,"column":1}},"line":1}},"branchMap":{"0":{"loc":{"start":{"line":2,"column":2},"end":{"line":11,"column":3}},"type":"if","locations":[{"start":{"line":2,"column":2},"end":{"line":11,"column":3}},{"start":{"line":2,"column":2},"end":{"line":11,"column":3}}],"line":2}},"s":{"0":1,"1":26,"2":3,"3":3,"4":23,"5":23},"f":{"0":26},"b":{"0":[3,23]},"_coverageSchema":"332fd63041d2c1bcb487cc26dd0d5f7d97098a6c","hash":"cf1c65760921b4209506f090a00fe4d42462c589"}
,"/home/kennydharmawan/playground/babel-plugin-proxy-import/src/lib/resolveTargetCase.js": {"path":"/home/kennydharmawan/playground/babel-plugin-proxy-import/src/lib/resolveTargetCase.js","statementMap":{"0":{"start":{"line":1,"column":14},"end":{"line":1,"column":41}},"1":{"start":{"line":2,"column":14},"end":{"line":2,"column":41}},"2":{"start":{"line":3,"column":14},"end":{"line":3,"column":41}},"3":{"start":{"line":5,"column":0},"end":{"line":26,"column":2}},"4":{"start":{"line":6,"column":2},"end":{"line":25,"column":4}},"5":{"start":{"line":7,"column":17},"end":{"line":7,"column":21}},"6":{"start":{"line":9,"column":4},"end":{"line":22,"column":5}},"7":{"start":{"line":11,"column":8},"end":{"line":11,"column":31}},"8":{"start":{"line":12,"column":8},"end":{"line":12,"column":14}},"9":{"start":{"line":14,"column":8},"end":{"line":14,"column":31}},"10":{"start":{"line":15,"column":8},"end":{"line":15,"column":14}},"11":{"start":{"line":17,"column":8},"end":{"line":17,"column":31}},"12":{"start":{"line":18,"column":8},"end":{"line":18,"column":14}},"13":{"start":{"line":20,"column":8},"end":{"line":20,"column":31}},"14":{"start":{"line":21,"column":8},"end":{"line":21,"column":14}},"15":{"start":{"line":24,"column":4},"end":{"line":24,"column":18}}},"fnMap":{"0":{"name":"(anonymous_0)","decl":{"start":{"line":5,"column":17},"end":{"line":5,"column":18}},"loc":{"start":{"line":5,"column":38},"end":{"line":26,"column":1}},"line":5},"1":{"name":"(anonymous_1)","decl":{"start":{"line":6,"column":9},"end":{"line":6,"column":10}},"loc":{"start":{"line":6,"column":24},"end":{"line":25,"column":3}},"line":6}},"branchMap":{"0":{"loc":{"start":{"line":9,"column":4},"end":{"line":22,"column":5}},"type":"switch","locations":[{"start":{"line":10,"column":6},"end":{"line":12,"column":14}},{"start":{"line":13,"column":6},"end":{"line":15,"column":14}},{"start":{"line":16,"column":6},"end":{"line":18,"column":14}},{"start":{"line":19,"column":6},"end":{"line":21,"column":14}}],"line":9}},"s":{"0":1,"1":1,"2":1,"3":1,"4":23,"5":67,"6":67,"7":6,"8":6,"9":6,"10":6,"11":6,"12":6,"13":49,"14":49,"15":67},"f":{"0":23,"1":67},"b":{"0":[6,6,6,49]},"_coverageSchema":"332fd63041d2c1bcb487cc26dd0d5f7d97098a6c","hash":"b7b46decd72e40fcfb6d957f47b4e60debff906e"}
,"/home/kennydharmawan/playground/babel-plugin-proxy-import/src/lib/throwError.js": {"path":"/home/kennydharmawan/playground/babel-plugin-proxy-import/src/lib/throwError.js","statementMap":{"0":{"start":{"line":1,"column":0},"end":{"line":3,"column":2}},"1":{"start":{"line":2,"column":2},"end":{"line":2,"column":56}}},"fnMap":{"0":{"name":"(anonymous_0)","decl":{"start":{"line":1,"column":17},"end":{"line":1,"column":18}},"loc":{"start":{"line":1,"column":31},"end":{"line":3,"column":1}},"line":1}},"branchMap":{},"s":{"0":1,"1":8},"f":{"0":8},"b":{},"_coverageSchema":"332fd63041d2c1bcb487cc26dd0d5f7d97098a6c","hash":"764fae396ed91fb705a42274ca05c3235b2a7ba9"}
,"/home/kennydharmawan/playground/babel-plugin-proxy-import/src/lib/transformMemberImportTarget.js": {"path":"/home/kennydharmawan/playground/babel-plugin-proxy-import/src/lib/transformMemberImportTarget.js","statementMap":{"0":{"start":{"line":1,"column":30},"end":{"line":1,"column":69}},"1":{"start":{"line":2,"column":24},"end":{"line":2,"column":57}},"2":{"start":{"line":4,"column":0},"end":{"line":19,"column":1}},"3":{"start":{"line":5,"column":22},"end":{"line":5,"column":58}},"4":{"start":{"line":6,"column":15},"end":{"line":6,"column":46}},"5":{"start":{"line":9,"column":2},"end":{"line":16,"column":3}},"6":{"start":{"line":10,"column":22},"end":{"line":10,"column":45}},"7":{"start":{"line":11,"column":4},"end":{"line":11,"column":29}},"8":{"start":{"line":12,"column":4},"end":{"line":12,"column":87}},"9":{"start":{"line":13,"column":4},"end":{"line":13,"column":24}},"10":{"start":{"line":14,"column":9},"end":{"line":16,"column":3}},"11":{"start":{"line":15,"column":4},"end":{"line":15,"column":79}},"12":{"start":{"line":18,"column":2},"end":{"line":18,"column":62}}},"fnMap":{"0":{"name":"(anonymous_0)","decl":{"start":{"line":4,"column":17},"end":{"line":4,"column":18}},"loc":{"start":{"line":4,"column":60},"end":{"line":19,"column":1}},"line":4}},"branchMap":{"0":{"loc":{"start":{"line":9,"column":2},"end":{"line":16,"column":3}},"type":"if","locations":[{"start":{"line":9,"column":2},"end":{"line":16,"column":3}},{"start":{"line":9,"column":2},"end":{"line":16,"column":3}}],"line":9},"1":{"loc":{"start":{"line":14,"column":9},"end":{"line":16,"column":3}},"type":"if","locations":[{"start":{"line":14,"column":9},"end":{"line":16,"column":3}},{"start":{"line":14,"column":9},"end":{"line":16,"column":3}}],"line":14}},"s":{"0":1,"1":1,"2":1,"3":23,"4":23,"5":23,"6":1,"7":1,"8":1,"9":1,"10":22,"11":21,"12":23},"f":{"0":23},"b":{"0":[1,22],"1":[21,1]},"_coverageSchema":"332fd63041d2c1bcb487cc26dd0d5f7d97098a6c","hash":"38b8e3405decaaf7c2b7623700f625d8b8931ffe"}
,"/home/kennydharmawan/playground/babel-plugin-proxy-import/src/lib/validate.js": {"path":"/home/kennydharmawan/playground/babel-plugin-proxy-import/src/lib/validate.js","statementMap":{"0":{"start":{"line":1,"column":18},"end":{"line":1,"column":42}},"1":{"start":{"line":2,"column":10},"end":{"line":2,"column":36}},"2":{"start":{"line":4,"column":0},"end":{"line":43,"column":2}},"3":{"start":{"line":5,"column":2},"end":{"line":7,"column":3}},"4":{"start":{"line":6,"column":4},"end":{"line":6,"column":76}},"5":{"start":{"line":9,"column":2},"end":{"line":11,"column":3}},"6":{"start":{"line":10,"column":4},"end":{"line":10,"column":36}},"7":{"start":{"line":14,"column":2},"end":{"line":40,"column":5}},"8":{"start":{"line":15,"column":4},"end":{"line":17,"column":5}},"9":{"start":{"line":16,"column":6},"end":{"line":16,"column":60}},"10":{"start":{"line":19,"column":4},"end":{"line":28,"column":5}},"11":{"start":{"line":27,"column":6},"end":{"line":27,"column":153}},"12":{"start":{"line":30,"column":4},"end":{"line":39,"column":5}},"13":{"start":{"line":38,"column":6},"end":{"line":38,"column":159}},"14":{"start":{"line":42,"column":2},"end":{"line":42,"column":14}}},"fnMap":{"0":{"name":"(anonymous_0)","decl":{"start":{"line":4,"column":17},"end":{"line":4,"column":18}},"loc":{"start":{"line":4,"column":49},"end":{"line":43,"column":1}},"line":4},"1":{"name":"(anonymous_1)","decl":{"start":{"line":14,"column":18},"end":{"line":14,"column":19}},"loc":{"start":{"line":14,"column":35},"end":{"line":40,"column":3}},"line":14}},"branchMap":{"0":{"loc":{"start":{"line":5,"column":2},"end":{"line":7,"column":3}},"type":"if","locations":[{"start":{"line":5,"column":2},"end":{"line":7,"column":3}},{"start":{"line":5,"column":2},"end":{"line":7,"column":3}}],"line":5},"1":{"loc":{"start":{"line":9,"column":2},"end":{"line":11,"column":3}},"type":"if","locations":[{"start":{"line":9,"column":2},"end":{"line":11,"column":3}},{"start":{"line":9,"column":2},"end":{"line":11,"column":3}}],"line":9},"2":{"loc":{"start":{"line":15,"column":4},"end":{"line":17,"column":5}},"type":"if","locations":[{"start":{"line":15,"column":4},"end":{"line":17,"column":5}},{"start":{"line":15,"column":4},"end":{"line":17,"column":5}}],"line":15},"3":{"loc":{"start":{"line":19,"column":4},"end":{"line":28,"column":5}},"type":"if","locations":[{"start":{"line":19,"column":4},"end":{"line":28,"column":5}},{"start":{"line":19,"column":4},"end":{"line":28,"column":5}}],"line":19},"4":{"loc":{"start":{"line":20,"column":6},"end":{"line":25,"column":7}},"type":"binary-expr","locations":[{"start":{"line":20,"column":6},"end":{"line":20,"column":20}},{"start":{"line":21,"column":6},"end":{"line":25,"column":7}}],"line":20},"5":{"loc":{"start":{"line":22,"column":8},"end":{"line":24,"column":44}},"type":"binary-expr","locations":[{"start":{"line":22,"column":8},"end":{"line":22,"column":40}},{"start":{"line":23,"column":8},"end":{"line":23,"column":42}},{"start":{"line":24,"column":8},"end":{"line":24,"column":44}}],"line":22},"6":{"loc":{"start":{"line":30,"column":4},"end":{"line":39,"column":5}},"type":"if","locations":[{"start":{"line":30,"column":4},"end":{"line":39,"column":5}},{"start":{"line":30,"column":4},"end":{"line":39,"column":5}}],"line":30},"7":{"loc":{"start":{"line":31,"column":6},"end":{"line":36,"column":7}},"type":"binary-expr","locations":[{"start":{"line":31,"column":6},"end":{"line":31,"column":25}},{"start":{"line":32,"column":6},"end":{"line":36,"column":7}}],"line":31},"8":{"loc":{"start":{"line":33,"column":8},"end":{"line":35,"column":37}},"type":"binary-expr","locations":[{"start":{"line":33,"column":8},"end":{"line":33,"column":37}},{"start":{"line":34,"column":8},"end":{"line":34,"column":37}},{"start":{"line":35,"column":8},"end":{"line":35,"column":37}}],"line":33}},"s":{"0":1,"1":1,"2":1,"3":50,"4":1,"5":49,"6":1,"7":48,"8":48,"9":2,"10":46,"11":2,"12":44,"13":1,"14":43},"f":{"0":50,"1":48},"b":{"0":[1,49],"1":[1,48],"2":[2,46],"3":[2,44],"4":[46,6],"5":[6,6,5],"6":[1,43],"7":[44,10],"8":[10,7,4]},"_coverageSchema":"332fd63041d2c1bcb487cc26dd0d5f7d97098a6c","hash":"eec207040434c144a68d8a5e7262ef871d658e7c"}
}
