TN:
SF:/home/kennydharmawan/playground/babel-plugin-proxy-import/src/index.js
FN:20,(anonymous_0)
FN:26,(anonymous_1)
FN:37,(anonymous_2)
FN:39,(anonymous_3)
FN:51,(anonymous_4)
FNF:5
FNH:5
FNDA:1,(anonymous_0)
FNDA:50,(anonymous_1)
FNDA:55,(anonymous_2)
FNDA:55,(anonymous_3)
FNDA:23,(anonymous_4)
DA:1,1
DA:2,1
DA:3,1
DA:4,1
DA:5,1
DA:20,1
DA:21,1
DA:23,1
DA:27,50
DA:28,50
DA:29,50
DA:31,50
DA:32,43
DA:34,43
DA:35,42
DA:37,55
DA:39,55
DA:41,42
DA:42,32
DA:43,1
DA:46,31
DA:47,3
DA:51,41
DA:52,23
DA:58,41
DA:59,13
LF:26
LH:26
BRDA:31,0,0,43
BRDA:31,0,1,0
BRDA:34,1,0,42
BRDA:34,1,1,1
BRDA:41,2,0,32
BRDA:41,2,1,10
BRDA:42,3,0,1
BRDA:42,3,1,31
BRDA:46,4,0,3
BRDA:46,4,1,28
BRDA:58,5,0,13
BRDA:58,5,1,28
BRF:12
BRH:11
end_of_record
TN:
SF:/home/kennydharmawan/playground/babel-plugin-proxy-import/src/lib/findOptionForSourceModule.js
FN:5,(anonymous_0)
FN:6,(anonymous_1)
FNF:2
FNH:2
FNDA:43,(anonymous_0)
FNDA:43,(anonymous_1)
DA:5,1
DA:6,43
DA:7,43
DA:10,43
LF:4
LH:4
BRDA:10,0,0,42
BRDA:10,0,1,1
BRF:2
BRH:2
end_of_record
TN:
SF:/home/kennydharmawan/playground/babel-plugin-proxy-import/src/lib/resolveBaseTargetModule.js
FN:1,(anonymous_0)
FNF:1
FNH:1
FNDA:26,(anonymous_0)
DA:1,1
DA:2,26
DA:3,3
DA:7,3
DA:13,23
DA:15,23
LF:6
LH:6
BRDA:2,0,0,3
BRDA:2,0,1,23
BRF:2
BRH:2
end_of_record
TN:
SF:/home/kennydharmawan/playground/babel-plugin-proxy-import/src/lib/resolveTargetCase.js
FN:5,(anonymous_0)
FN:6,(anonymous_1)
FNF:2
FNH:2
FNDA:23,(anonymous_0)
FNDA:67,(anonymous_1)
DA:1,1
DA:2,1
DA:3,1
DA:5,1
DA:6,23
DA:7,67
DA:9,67
DA:11,6
DA:12,6
DA:14,6
DA:15,6
DA:17,6
DA:18,6
DA:20,49
DA:21,49
DA:24,67
LF:16
LH:16
BRDA:9,0,0,6
BRDA:9,0,1,6
BRDA:9,0,2,6
BRDA:9,0,3,49
BRF:4
BRH:4
end_of_record
TN:
SF:/home/kennydharmawan/playground/babel-plugin-proxy-import/src/lib/throwError.js
FN:1,(anonymous_0)
FNF:1
FNH:1
FNDA:8,(anonymous_0)
DA:1,1
DA:2,8
LF:2
LH:2
BRF:0
BRH:0
end_of_record
TN:
SF:/home/kennydharmawan/playground/babel-plugin-proxy-import/src/lib/transformMemberImportTarget.js
FN:4,(anonymous_0)
FNF:1
FNH:1
FNDA:23,(anonymous_0)
DA:1,1
DA:2,1
DA:4,1
DA:5,23
DA:6,23
DA:9,23
DA:10,1
DA:11,1
DA:12,1
DA:13,1
DA:14,22
DA:15,21
DA:18,23
LF:13
LH:13
BRDA:9,0,0,1
BRDA:9,0,1,22
BRDA:14,1,0,21
BRDA:14,1,1,1
BRF:4
BRH:4
end_of_record
TN:
SF:/home/kennydharmawan/playground/babel-plugin-proxy-import/src/lib/validate.js
FN:4,(anonymous_0)
FN:14,(anonymous_1)
FNF:2
FNH:2
FNDA:50,(anonymous_0)
FNDA:48,(anonymous_1)
DA:1,1
DA:2,1
DA:4,1
DA:5,50
DA:6,1
DA:9,49
DA:10,1
DA:14,48
DA:15,48
DA:16,2
DA:19,46
DA:27,2
DA:30,44
DA:38,1
DA:42,43
LF:15
LH:15
BRDA:5,0,0,1
BRDA:5,0,1,49
BRDA:9,1,0,1
BRDA:9,1,1,48
BRDA:15,2,0,2
BRDA:15,2,1,46
BRDA:19,3,0,2
BRDA:19,3,1,44
BRDA:20,4,0,46
BRDA:20,4,1,6
BRDA:22,5,0,6
BRDA:22,5,1,6
BRDA:22,5,2,5
BRDA:30,6,0,1
BRDA:30,6,1,43
BRDA:31,7,0,44
BRDA:31,7,1,10
BRDA:33,8,0,10
BRDA:33,8,1,7
BRDA:33,8,2,4
BRF:20
BRH:20
end_of_record
